# Log file of Pencil Code commands.
# This compiles with the same parameters as last time in this directory:
# pc_build -p

# 2023-06-20 11:45:31
/Users/victoriadeCun1/pencil-code/bin/pc_build --fast
# make '-j' 'FFLAGS_DOUBLE=-fdefault-real-8 -fdefault-double-8' 'CFLAGS_DOUBLE=-DDOUBLE_PRECISION' 'LD_MPI=' 'CFLAGS_FFTW3=' 'FFLAGS_FFTW3=' 'LD_FFTW3=' 'CFLAGS_FFTW2=' 'FFLAGS_FFTW2=' 'LD_FFTW2=' 'FC=mpif90' 'F77=mpif77' 'FFLAGS=-O' 'LDFLAGS_HELPER=-dynamic' 'OMPFLAGS=-fopenmp' 'PPFLAGS=-cpp' 'FSTD_95=-std=f95' 'FSTD_2003=-std=f2003' 'CC=mpicc' 'CFLAGS=-DFUNDERSC=1' 'FFLAGS+=-O0' 'default_to_be'

# 2023-06-20 11:46:07
/Users/victoriadeCun1/pencil-code/bin/pc_build --debug
# make '-j' 'FFLAGS_DOUBLE=-fdefault-real-8 -fdefault-double-8' 'CFLAGS_DOUBLE=-DDOUBLE_PRECISION' 'LD_MPI=' 'CFLAGS_FFTW3=' 'FFLAGS_FFTW3=' 'LD_FFTW3=' 'CFLAGS_FFTW2=' 'FFLAGS_FFTW2=' 'LD_FFTW2=' 'FC=mpif90' 'F77=mpif77' 'FFLAGS=-O' 'LDFLAGS_HELPER=-dynamic' 'OMPFLAGS=-fopenmp' 'PPFLAGS=-cpp' 'FSTD_95=-std=f95' 'FSTD_2003=-std=f2003' 'CC=mpicc' 'CFLAGS=-DFUNDERSC=1' '--debug' 'default_to_be'

# 2023-06-20 11:51:07
/Users/victoriadeCun1/pencil-code/bin/pc_build --fast
# make 'FC=/opt/local/bin/mpif90-openmpi-gcc11' 'FFLAGS=-fbounds-check -Wall -Wunused -O3 -I/opt/local/include' 'FFLAGS_DOUBLE=-fdefault-real-8 -fdefault-double-8' 'F77=/opt/local/bin/mpif77-openmpi-gcc11' 'CC=/opt/local/bin/mpicc-openmpi-gcc11' 'CFLAGS=-DFUNDERSC=1' 'CFLAGS_DOUBLE=-DDOUBLE_PRECISION' 'FFLAGS+=-O0' 'default_to_be'

# 2023-06-20 11:53:55
/opt/local/bin/mpirun-openmpi-gcc11 --oversubscribe -np 4 ./src/start.x

# 2023-06-20 11:57:42
/Users/victoriadeCun1/pencil-code/bin/pc_build 
# make 'FC=/opt/local/bin/mpif90-openmpi-gcc11' 'FFLAGS=-fbounds-check -Wall -Wunused -O3 -I/opt/local/include' 'FFLAGS_DOUBLE=-fdefault-real-8 -fdefault-double-8' 'F77=/opt/local/bin/mpif77-openmpi-gcc11' 'CC=/opt/local/bin/mpicc-openmpi-gcc11' 'CFLAGS=-DFUNDERSC=1' 'CFLAGS_DOUBLE=-DDOUBLE_PRECISION' 'default_to_be'

# 2023-06-20 12:03:38
/opt/local/bin/mpirun-openmpi-gcc11 --oversubscribe -np 4 ./src/start.x

# 2023-06-20 12:03:46
/opt/local/bin/mpirun-openmpi-gcc11 --oversubscribe -np 4 ./src/run.x

# 2023-06-21 14:47:33
/opt/local/bin/mpirun-openmpi-gcc11 --oversubscribe -np 4 ./src/start.x

# 2023-07-05 12:44:17
/opt/local/bin/mpirun-openmpi-gcc11 --oversubscribe -np 4 ./src/start.x
