 Pencil1: iapp, nprocs, ncpus=           0           4           4
SVN: -------            v.         (                   ) $Id$
SVN: -------            v.         (                   ) no cvsid is given i
 initialize_mpicomm: enabled MPI
SVN: -------            v.         (                   ) $Id$
SVN: -------            v.         (                   ) $Id$
SVN: -------            v.         (                   ) $Id$
SVN: -------            v.         (                   ) $Id$
SVN: -------            v.         (                   ) $Id$
SVN: -------            v.         (                   ) $Id$
SVN: -------            v.         (                   ) $Id$
SVN: -------            v.         (                   ) $Id$
SVN: -------            v.         (                   ) $Id$
SVN: -------            v.         (                   ) $Id$
SVN: -------            v.         (                   ) $Id$
SVN: -------            v.         (                   ) $Id$
SVN: -------            v.         (                   ) $Id$
SVN: -------            v.         (                   ) $Id$
SVN: -------            v.         (                   ) $Id$
SVN: -------            v.         (                   ) $Id$
SVN: -------            v.         (                   ) $Id$
SVN: -------            v.         (                   ) $Id$
SVN: -------            v.         (                   ) $Id$
SVN: -------            v.         (                   ) $Id$
SVN: -------            v.         (                   ) $Id$
SVN: -------            v.         (                   ) $Id$
SVN: -------            v.         (                   ) $Id$
SVN: -------            v.         (                   ) $Id$
SVN: -------            v.         (                   ) $Id$
SVN: -------            v.         (                   ) $Id$
SVN: -------            v.         (                   ) $Id$
SVN: -------            v.         (                   ) $Id$
SVN: -------            v.         (                   ) $Id$
SVN: particles_dust.f90 v. 1.1     (2018/08/24 15:48:10) wlyra
SVN: -------            v.         (                   ) $Id$
SVN: -------            v.         (                   ) $Id$
SVN: -------            v.         (                   ) $Id$
 nxgrid, nygrid, nzgrid=          64           1          64
 units_general: unit_velocity=   1.0000000000000000     
 units_general: unit_density=   1.0000000000000000     
 units_general: unit_length=   1.0000000000000000     
 units_general: unit_magnetic=   3.5449077018110318     
 units_eos: unit_temperature=   1.2027220936797545E-008
 units_eos: cp, lnTT0, cs0, pp0, Rgas=   1.0000000000000000        3.6757541328186911        6.2831853071795862        39.478417604357439        1.0000000000000000     
WARNING:  initialize_grid: Cartesian coords - no meaningful r_ext given. We set it to minval(xyz1)!
 diffusion: nothing (i.e. no mass diffusion)
 initialize_density: no need to read initial stratification for lanti_shockdiffusion=F.
 initialize_density: Global density gradient with beta_glnrho_global= -0.10000000000000001        0.0000000000000000        0.0000000000000000     
 initialize_hydro: turned off and hand over Coriolis force to Particles_drag. 
 select_eos_variable: Using rho and cs2
 initialize_shear: turned off and hand over shear acceleration to Particles_drag. 
 dist_particles_evenly_procs: npar_loc_array     =        1024        1024        1024        1024
 dist_particles_evenly_procs: ipar1 =           1        1025        2049        3073
 dist_particles_evenly_procs: ipar2 =        1024        2048        3072        4096
 initialize_particles: turned off and hand over Coriolis force to Particles_drag. 
 initialize_particles: turned off and hand over shear acceleration to Particles_drag. 
 initialize_particles: dust-to-gas ratio eps_dtog=   3.0000000000000000     
 initialize_particles: mass per constituent particle mpmat=   0.0000000000000000     
 initialize_particles: mass per superparticle mp_swarm =   8.0319046232823537E-008
 initialize_particles: number density per superparticle np_swarm=   0.0000000000000000     
 initialize_particles: mass density per superparticle rhop_swarm=   3.0000000000000000     
 initialize_particles_map: selected triangular-shaped-cloud for particle-mesh method. 
 initialize_particles_drag: tdrag =    1.5915494309189534E-002
 initialize_particles_drag: reset mp_swarm =    8.0319046232823537E-008
 initialize_particles_drag: reset rhop_swarm =    3.0000000000000000     
 init_uu: nothing
 init_lnrho: nothing
 init_lnrho: cs2bot,cs2top=   39.478417604357432        39.478417604357432     
 streaming: eta * v_K =   0.31415926535897931     
 init_particles: No particle velocity set
 init_particles_drag: Set global drag equilibrium. 

 start.x has completed successfully

real 0.59
user 0.60
sys 0.20
