 ! -------------------------------------------------------------
 ! Initializing
 ! Date: 03-nov-2022 15:33:26
 ! t=   0.0000000000000000     
&INIT_PARS
 CVSID="$Id: start.in,v 1.1 2009-09-12 16:05:39 wlyra Exp $                                                                                                                                                                                                             ",
 IP=14         ,
 XYZ0=-0.20000000000000001     ,-0.80000000000000004     ,-0.10000000000000001     ,
 XYZ1= 0.20000000000000001     , 0.80000000000000004     , 0.10000000000000001     ,
 LXYZ= 3*3.9084999999999999E+037  ,
 LPERI= 3*T,
 LSHIFT_ORIGIN= 3*F,
 LSHIFT_ORIGIN_LOWER= 3*F,
 XYZ_UNITS= 3*"one                                     ",
 WAV1=  3.9084999999999999E+037,
 WAV1Z=  3.9084999999999999E+037,
 COORD_SYSTEM="cartesian",
 LPOLE= 3*F,
 NCOARSE=0          ,
 LFIX_UNIT_STD=F,
 LEQUIDIST= 3*T,
 COEFF_GRID= 3*1.0000000000000000       ,
 ZETA_GRID0=  0.0000000000000000     ,
 GRID_FUNC= 3*"linear                                  ",
 XYZ_STAR= 3*0.0000000000000000       ,
 LWRITE_IC=T,
 LWRITE_AVG1D_BINARY=F,
 LNOWRITE=F,
 LUNIFORM_Z_MESH_ASPECT_RATIO=F,
 UNIT_SYSTEM="cgs",
 UNIT_LENGTH=  3.9084999999999999E+037,
 LMODIFY=F,
 MODIFY_FILENAME="modify.dat                                                                                                                             ",
 DVID=  0.0000000000000000     ,
 LDIVU_PERP=F,
 UNIT_VELOCITY=  3.9084999999999999E+037,
 UNIT_DENSITY=  3.9084999999999999E+037,
 UNIT_TEMPERATURE=  3.9084999999999999E+037,
 UNIT_MAGNETIC=  3.9084999999999999E+037,
 C_LIGHT=  3.9084999999999999E+037,
 G_NEWTON=  3.9084999999999999E+037,
 HBAR=  3.9084999999999999E+037,
 RANDOM_GEN="min_std                                 ",
 SEED0=1812       ,
 LSEED_GLOBAL=T,
 LSEED_PROCDEPENDENT=F,
 NFILTER=0          ,
 LSERIAL_IO=F,
 DER2_TYPE="standard                                ",
 LREAD_OLDSNAP=F,
 LWRITE_VAR_ANYWAY=F,
 LWRITE_LAST_POWERSNAP=F,
 LREAD_OLDSNAP_NOMAG=F,
 LREAD_OLDSNAP_NOPSCALAR=F,
 LREAD_OLDSNAP_NOTESTFLOW=F,
 LREAD_OLDSNAP_NOISOTHMHD=F,
 LREAD_OLDSNAP_NOTESTFIELD=F,
 LREAD_OLDSNAP_NOTESTSCALAR=F,
 LREAD_OLDSNAP_NOSHEAR=F,
 LREAD_OLDSNAP_NOHYDRO=F,
 LREAD_OLDSNAP_NOHYDRO_NOMU5=F,
 LREAD_OLDSNAP_NOHYDRO_EFIELD=F,
 LREAD_OLDSNAP_NOHYDRO_EKFIELD=F,
 LREAD_OLDSNAP_ONLYA=F,
 IRESET_TSTART=2          ,
 TSTART=  0.0000000000000000     ,
 LGHOSTFOLD_USEBSPLINE=F,
 LREAD_AUX=F,
 LWRITE_AUX=T,
 LKINFLOW_AS_AUX=F,
 LENFORCE_MAUX_CHECK=T,
 PRETEND_LNTT=F,
 LPROCZ_SLOWEST=T,
 LZORDER=F,
 LCOPYSNAPSHOTS_EXP=F,
 BCX= 6*"she    ",
 BCY= 6*"p      ",
 BCZ= 6*"p      ",
 R_INT=  0.0000000000000000     ,
 R_EXT=  3.9084999999999999E+037,
 R_REF=  1.0000000000000000     ,
 RSMOOTH=  0.0000000000000000     ,
 R_INT_BORDER=  3.9084999999999999E+037,
 R_EXT_BORDER=  3.9084999999999999E+037,
 MU0=  1.0000000000000000     ,
 FORCE_LOWER_BOUND="                                        ",
 FORCE_UPPER_BOUND="                                        ",
 LSEPARATE_PERSIST=F,
 LDISTRIBUTE_PERSIST=F,
 LPERSIST=T,
 LOMIT_ADD_DATA=F,
 FBCX1= 6*0.0000000000000000       ,
 FBCX2= 6*0.0000000000000000       ,
 FBCX1_2= 6*0.0000000000000000       ,
 FBCX2_2= 6*0.0000000000000000       ,
 FBCY1= 6*0.0000000000000000       ,
 FBCY2= 6*0.0000000000000000       ,
 FBCY1_1= 6*0.0000000000000000       ,
 FBCY1_2= 6*0.0000000000000000       ,
 FBCY2_1= 6*0.0000000000000000       ,
 FBCY2_2= 6*0.0000000000000000       ,
 FBCZ1= 6*0.0000000000000000       ,
 FBCZ2= 6*0.0000000000000000       ,
 FBCZ1_1= 6*0.0000000000000000       ,
 FBCZ1_2= 6*0.0000000000000000       ,
 FBCZ2_1= 6*0.0000000000000000       ,
 FBCZ2_2= 6*0.0000000000000000       ,
 FBCX_BOT= 6*0.0000000000000000       ,
 FBCX_TOP= 6*0.0000000000000000       ,
 FBCY_BOT= 6*0.0000000000000000       ,
 FBCY_TOP= 6*0.0000000000000000       ,
 FBCZ_BOT= 6*0.0000000000000000       ,
 FBCZ_TOP= 6*0.0000000000000000       ,
 BC_SLC_DIR="                                                                                                                                       ",
 VEL_SPEC=F,
 MAG_SPEC=F,
 UXY_SPEC=F,
 BXY_SPEC=F,
 JXBXY_SPEC=F,
 XY_SPEC="                                                                                                                                                                ",
 OO_SPEC=F,
 UXJ_SPEC=F,
 VEC_SPEC=F,
 OU_SPEC=F,
 OUN_SPEC=F,
 AB_SPEC=F,
 AZBZ_SPEC=F,
 UZS_SPEC=F,
 UB_SPEC=F,
 BB2_SPEC=F,
 JJ2_SPEC=F,
 ELE_SPEC=F,
 A0_SPEC=F,
 POT_SPEC=F,
 LOR_SPEC=F,
 EMF_SPEC=F,
 TRA_SPEC=F,
 GWS_SPEC=F,
 GWH_SPEC=F,
 GWM_SPEC=F,
 STR_SPEC=F,
 STG_SPEC=F,
 SCL_SPEC=F,
 VCT_SPEC=F,
 TPQ_SPEC=F,
 TGW_SPEC=F,
 GWD_SPEC=F,
 GWE_SPEC=F,
 GWF_SPEC=F,
 GWG_SPEC=F,
 STT_SPEC=F,
 STX_SPEC=F,
 VEL_PHISPEC=F,
 MAG_PHISPEC=F,
 UXJ_PHISPEC=F,
 VEC_PHISPEC=F,
 OU_PHISPEC=F,
 AB_PHISPEC=F,
 EP_SPEC=F,
 RO_SPEC=F,
 ND_SPEC=F,
 UD_SPEC=F,
 UX_SPEC=F,
 UY_SPEC=F,
 UZ_SPEC=F,
 UCP_SPEC=F,
 TT_SPEC=F,
 SS_SPEC=F,
 CC_SPEC=F,
 CR_SPEC=F,
 MU_SPEC=F,
 SP_SPEC=F,
 SSP_SPEC=F,
 SSSP_SPEC=F,
 ISAVEGLOBAL=0          ,
 LR_SPEC=F,
 R2U_SPEC=F,
 NP_SPEC=F,
 NP_AP_SPEC=F,
 RHOP_SPEC=F,
 R3U_SPEC=F,
 RHOCC_PDF=F,
 CC_PDF=F,
 LNCC_PDF=F,
 GCC_PDF=F,
 LNGCC_PDF=F,
 XYZ_STEP= 6*1.0000000000000000       ,
 XI_STEP_FRAC= 6*1.0000000000000000       ,
 XI_STEP_WIDTH= 6*1.5000000000000000       ,
 DXI_FACT= 3*1.0000000000000000       ,
 TRANS_WIDTH= 3*1.0000000000000000       ,
 LCYLINDER_IN_A_BOX=F,
 LSPHERE_IN_A_BOX=F,
 LLOCAL_ISO=F,
 INIT_LOOPS=1          ,
 LWRITE_2D=F,
 LCYLINDRICAL_GRAVITY=F,
 BORDER_FRAC_X= 2*0.0000000000000000       ,
 BORDER_FRAC_Y= 2*0.0000000000000000       ,
 BORDER_FRAC_Z= 2*0.0000000000000000       ,
 LBORDER_HYPER_DIFF=T,
 LUSE_LATITUDE=F,
 LSHIFT_DATACUBE_X=F,
 LFARGO_ADVECTION=F,
 YEQUATOR=  0.0000000000000000     ,
 LEQUATORY=F,
 LEQUATORZ=F,
 ZEQUATOR=  0.0000000000000000     ,
 LAV_SMALLX=F,
 XAV_MAX=  3.9084999999999999E+037,
 NITER_POISSON=0          ,
 LFORCE_SHEAR_BC=T,
 LREAD_FROM_OTHER_PREC=F,
 PIPE_FUNC="error_function                          ",
 GLNCROSSSEC0=  0.0000000000000000     ,
 CROSSSEC_X1= -1.0000000000000000     ,
 CROSSSEC_X2=  1.0000000000000000     ,
 CROSSSEC_W= 0.10000000000000001     ,
 LCOROTATIONAL_FRAME=F,
 RCOROT=  1.0000000000000000     ,
 LPROPER_AVERAGES=F,
 LDIRECT_ACCESS=F,
 LTOLERATE_NAMELIST_ERRORS=F,
 LYINYANG=F,
 CYINYANG_INTPOL_TYPE="bilinear                                ",
 YY_BIQUAD_WEIGHTS= 4*3.9084999999999999E+037  ,
 LCUTOFF_CORNERS=F,
 NYCUT=262        ,
 NZCUT=7          ,
 REL_DANG=  0.0000000000000000     ,
 SIGMASB_SET=  1.0000000000000000     ,
 C_LIGHT_SET=  1.0000000000000000     ,
 CP_SET=  1.0000000000000000     ,
 K_B_SET=  1.0000000000000000     ,
 M_U_SET=  1.0000000000000000     ,
 LNOGHOST_STRATI=F,
 ICHANNEL1=1          ,
 ICHANNEL2=1          ,
 TAG_FOREIGN=0          ,
 LFATAL_NUM_VECTOR_369=T,
 DENSITY_SCALE_FACTOR=  3.9084999999999999E+037,
 /
&INITIAL_CONDITION_PARS
 XMODES=10         ,
 YMODES=10         ,
 ZMODES=0          ,
 RHO_RMS=  5.0000000000000003E-002,
 XMID=  0.0000000000000000     ,
 LUNSTRATIFIED=F,
 LGAUSSIAN_DISTRIBUTED_NOISE=T,
 /
&EOS_INIT_PARS
 XHE=  0.0000000000000000     ,
 MU=  1.0000000000000000     ,
 CP=  3.9084999999999999E+037,
 CS0= 0.10000000000000001     ,
 RHO0=  1.0000000000000000     ,
 GAMMA=  1.3999999999999999     ,
 ERROR_CP=  9.9999999999999995E-007,
 SIGMASBT=  1.0000000000000000     ,
 LANELASTIC_LIN=F,
 LCS_AS_AUX=F,
 LCS_AS_COMAUX=F,
 FAC_CS=  1.0000000000000000     ,
 ISOTHMID=0          ,
 LSTRATZ=F,
 GZTYPE="zero                                    ",
 GZ_COEFF=  0.0000000000000000     ,
 LPRES_GRAD=F,
 LCS_TDEP=F,
 CS20_TDEP_RATE=  1.0000000000000000     ,
 /
&HYDRO_INIT_PARS
 AMPLUU= 5*0.0000000000000000       ,
 AMPL_UX= 5*0.0000000000000000       ,
 AMPL_UY= 5*0.0000000000000000       ,
 AMPL_UZ= 5*0.0000000000000000       ,
 PHASE_UX= 5*0.0000000000000000       ,
 PHASE_UY= 5*0.0000000000000000       ,
 PHASE_UZ= 5*0.0000000000000000       ,
 INITUU= 5*"nothing                                 ",
 WIDTHUU= 0.10000000000000001     ,
 RADIUSUU=  1.0000000000000000     ,
 URAND=  0.0000000000000000     ,
 URANDI=  0.0000000000000000     ,
 LPRESSUREGRADIENT_GAS=T,
 UU_XZ_ANGLE= 5*0.0000000000000000       ,
 RELHEL_UU=  1.0000000000000000     ,
 COEFUU= 3*(0.0000000000000000,0.0000000000000000),
 R_OMEGA=  0.0000000000000000     ,
 W_OMEGA=  0.0000000000000000     ,
 UU_LEFT=  0.0000000000000000     ,
 UU_RIGHT=  0.0000000000000000     ,
 UU_LOWER=  1.0000000000000000     ,
 UU_UPPER=  1.0000000000000000     ,
 KX_UU=  1.0000000000000000     ,
 KY_UU=  1.0000000000000000     ,
 KZ_UU=  1.0000000000000000     ,
 KX_UX= 5*0.0000000000000000       ,
 KY_UX= 5*0.0000000000000000       ,
 KZ_UX= 5*0.0000000000000000       ,
 KX_UY= 5*0.0000000000000000       ,
 KY_UY= 5*0.0000000000000000       ,
 KZ_UY= 5*0.0000000000000000       ,
 KX_UZ= 5*0.0000000000000000       ,
 KY_UZ= 5*0.0000000000000000       ,
 KZ_UZ= 5*0.0000000000000000       ,
 UY_LEFT=  0.0000000000000000     ,
 UY_RIGHT=  0.0000000000000000     ,
 UU_CONST= 3*0.0000000000000000       ,
 OMEGA=  1.0000000000000000     ,
 U_OUT_KEP=  0.0000000000000000     ,
 INITPOWER=  1.0000000000000000     ,
 INITPOWER2= -1.6666666666666667     ,
 CUTOFF=  0.0000000000000000     ,
 NCUTOFF=  1.0000000000000000     ,
 KPEAK=  10.000000000000000     ,
 KGAUSSIAN_UU=  0.0000000000000000     ,
 LCONSERVATIVE=F,
 LRELATIVISTIC=F,
 LSKIP_PROJECTION=F,
 Z1_UU=  0.0000000000000000     ,
 Z2_UU=  0.0000000000000000     ,
 N_MODES_UU=0          ,
 LCORIOLIS_FORCE=T,
 LCENTRIFUGAL_FORCE=F,
 LADVECTION_VELOCITY=T,
 LPRECESSION=F,
 OMEGA_PRECESSION=  0.0000000000000000     ,
 ALPHA_PRECESSION=  0.0000000000000000     ,
 VELOCITY_CEILING=  0.0000000000000000     ,
 LOO_AS_AUX=F,
 LUUT_AS_AUX=F,
 LUUST_AS_AUX=F,
 LOOT_AS_AUX=F,
 LOOST_AS_AUX=F,
 LLORENTZ_AS_AUX=F,
 LUUK_AS_AUX=F,
 LOOK_AS_AUX=F,
 MU_OMEGA=  0.0000000000000000     ,
 NB_RINGS=0          ,
 OM_RINGS= 5*0.0000000000000000       ,
 GAP=  0.0000000000000000     ,
 LSCALE_TOBOX=T,
 AMPL_OMEGA=  0.0000000000000000     ,
 OMEGA_INI=  0.0000000000000000     ,
 R_CYL=  1.0000000000000000     ,
 SKIN_DEPTH= 0.10000000000000001     ,
 INCL_ALPHA=  0.0000000000000000     ,
 ROT_RR=  0.0000000000000000     ,
 XSPHERE=  0.0000000000000000     ,
 YSPHERE=  0.0000000000000000     ,
 ZSPHERE=  0.0000000000000000     ,
 NEDDY=0          ,
 AMP_MERI_CIRC=  0.0000000000000000     ,
 RNOISE_INT=  3.9084999999999999E+037,
 RNOISE_EXT=  3.9084999999999999E+037,
 LREFLECTEDDY=F,
 LOUINIT=F,
 HYDRO_XAVER_RANGE= -1.7976931348623158E+307,  1.7976931348623158E+307,
 MAX_UU=  0.0000000000000000     ,
 AMP_FACTOR=  0.0000000000000000     ,
 KX_UU_PERTURB=  0.0000000000000000     ,
 LLINEARIZED_HYDRO=F,
 HYDRO_ZAVER_RANGE= -1.7976931348623158E+307,  1.7976931348623158E+307,
 INDEX_RSH=1          ,
 LL_SH= 5*0          ,
 MM_SH= 5*0          ,
 DELTA_U=  1.0000000000000000     ,
 N_XPROF= 5*-1         ,
 LUU_FLUC_AS_AUX=F,
 LUU_SPH_AS_AUX=F,
 NFACT_UU=  4.0000000000000000     ,
 LFACTORS_UU=F,
 QIRRO_UU=  0.0000000000000000     ,
 LNO_NOISE_UU=F,
 LLORENTZ_LIMITER=F,
 /
&DENSITY_INIT_PARS
 AMPLLNRHO= 5*0.0000000000000000       ,
 INITLNRHO= 5*"nothing                                 ",
 WIDTHLNRHO= 5*0.10000000000000001      ,
 RHO_LEFT= 5*1.0000000000000000       ,
 RHO_RIGHT= 5*1.0000000000000000       ,
 LNRHO_CONST=  0.0000000000000000     ,
 HRHO=  1.0000000000000000     ,
 RHO_CONST=  1.0000000000000000     ,
 CS2BOT=  3.9084999999999999E+037,
 CS2TOP=  3.9084999999999999E+037,
 RADIUS_LNRHO= 5*0.50000000000000000      ,
 EPS_PLANET= 0.50000000000000000     ,
 XBLOB= 5*0.0000000000000000       ,
 YBLOB= 5*0.0000000000000000       ,
 ZBLOB= 5*0.0000000000000000       ,
 B_ELL=  1.0000000000000000     ,
 Q_ELL=  5.0000000000000000     ,
 HH0=  0.0000000000000000     ,
 RBOUND=  1.0000000000000000     ,
 LWRITE_STRATIFICATION=F,
 MPOLY=  3.9084999999999999E+037,
 GGAMMA=  3.9084999999999999E+037,
 STRATI_TYPE="lnrho_ss                                ",
 BETA_GLNRHO_GLOBAL= 3*0.0000000000000000       ,
 KX_LNRHO= 5*1.0000000000000000       ,
 KY_LNRHO= 5*1.0000000000000000       ,
 KZ_LNRHO= 5*1.0000000000000000       ,
 AMPLRHO= 5*0.0000000000000000       ,
 PHASE_LNRHO= 5*0.0000000000000000       ,
 COEFLNRHO=(0.0000000000000000,0.0000000000000000),
 KXX_LNRHO= 5*0.0000000000000000       ,
 KYY_LNRHO= 5*0.0000000000000000       ,
 KZZ_LNRHO= 5*0.0000000000000000       ,
 CO1_SS=  0.0000000000000000     ,
 CO2_SS=  0.0000000000000000     ,
 SIGMA1=  150.00000000000000     ,
 IDIFF= 4*"                                        ",
 LDENSITY_NOLOG=T,
 WDAMP=  0.0000000000000000     ,
 LCONTINUITY_GAS=T,
 LISOTHERMAL_FIXED_HRHO=F,
 DENSITY_FLOOR= -1.0000000000000000     ,
 LANTI_SHOCKDIFFUSION=F,
 LMASSDIFF_FIX=T,
 LMASSDIFF_FIXMOM=F,
 LMASSDIFF_FIXKIN=F,
 LRHO_AS_AUX=F,
 LDIFFUSION_NOLOG=F,
 LNRHO_Z_SHIFT=  0.0000000000000000     ,
 POWERLR=  3.0000000000000000     ,
 ZOVERH=  1.5000000000000000     ,
 HOVERR=  5.0000000000000003E-002,
 LFFREE=F,
 FFREE_PROFILE="none                                    ",
 RZERO_FFREE=  0.0000000000000000     ,
 WFFREE=  0.0000000000000000     ,
 RHO_TOP=  1.0000000000000000     ,
 RHO_BOTTOM=  1.0000000000000000     ,
 R0_RHO=  3.9084999999999999E+037,
 INVGRAV_AMPL=  0.0000000000000000     ,
 RNOISE_INT=  3.9084999999999999E+037,
 RNOISE_EXT=  3.9084999999999999E+037,
 DATAFILE="dens_temp.dat                                                                                                                          ",
 MASS_CLOUD=  0.0000000000000000     ,
 T_CLOUD=  0.0000000000000000     ,
 CLOUD_MODE="isothermal                              ",
 T_CLOUD_OUT_REL=  1.0000000000000000     ,
 XI_COEFF=  1.0000000000000000     ,
 DENSITY_XAVER_RANGE= -1.7976931348623158E+307,  1.7976931348623158E+307,
 DENS_COEFF=  1.0000000000000000     ,
 TEMP_COEFF=  1.0000000000000000     ,
 TEMP_TRANS=  0.0000000000000000     ,
 TEMP_COEFF_OUT=  1.0000000000000000     ,
 REDUCE_CS2=  1.0000000000000000     ,
 LREDUCED_SOUND_SPEED=F,
 LRELATIVISTIC_EOS=F,
 LSCALE_TO_CS2TOP=F,
 DENSITY_ZAVER_RANGE= -1.7976931348623158E+307,  1.7976931348623158E+307,
 IEOS_PROFILE="nothing                                 ",
 WIDTH_EOS_PROF= 0.20000000000000001     ,
 LCONSERVE_TOTAL_MASS=F,
 TOTAL_MASS= -1.0000000000000000     ,
 IREFERENCE_STATE="nothing                                 ",
 LRHO_FLUCZ_AS_AUX=F,
 LDENSITY_LINEARSTART=F,
 /
&ENTROPY_INIT_PARS
 INITSS= 5*"nothing                                 ",
 PERTSS="zero                                    ",
 GRADS0=  0.0000000000000000     ,
 RADIUS_SS= 5*0.10000000000000001      ,
 RADIUS_SS_X= 5*1.0000000000000000       ,
 AMPL_SS= 5*0.0000000000000000       ,
 WIDTHSS=  2.2204460492503131E-015,
 EPSILON_SS=  0.0000000000000000     ,
 MIXINGLENGTH_FLUX=  0.0000000000000000     ,
 ENTROPY_FLUX=  0.0000000000000000     ,
 CHI_T=  0.0000000000000000     ,
 CHI_RHO=  0.0000000000000000     ,
 PP_CONST=  0.0000000000000000     ,
 SS_LEFT=  1.0000000000000000     ,
 SS_RIGHT=  1.0000000000000000     ,
 SS_CONST=  0.0000000000000000     ,
 MPOLY0=  1.5000000000000000     ,
 MPOLY1=  1.5000000000000000     ,
 MPOLY2=  1.5000000000000000     ,
 ISOTHTOP=0          ,
 KHOR_SS=  1.0000000000000000     ,
 THERMAL_BACKGROUND=  0.0000000000000000     ,
 THERMAL_PEAK=  0.0000000000000000     ,
 THERMAL_SCALING=  1.0000000000000000     ,
 CS2COOL=  0.0000000000000000     ,
 CS2COOL2=  0.0000000000000000     ,
 CENTER1_X= 5*0.0000000000000000       ,
 CENTER1_Y= 5*0.0000000000000000       ,
 CENTER1_Z= 5*0.0000000000000000       ,
 CENTER2_X=  0.0000000000000000     ,
 CENTER2_Y=  0.0000000000000000     ,
 CENTER2_Z=  0.0000000000000000     ,
 T0=  0.0000000000000000     ,
 AMPL_TT=  0.0000000000000000     ,
 KX_SS=  1.0000000000000000     ,
 KY_SS=  1.0000000000000000     ,
 KZ_SS=  1.0000000000000000     ,
 BETA_GLNRHO_GLOBAL= 3*0.0000000000000000       ,
 LADVECTION_ENTROPY=T,
 LVISCOSITY_HEAT=T,
 R_BCZ=  0.0000000000000000     ,
 LUMINOSITY=  0.0000000000000000     ,
 WHEAT= 0.10000000000000001     ,
 HCOND0=  3.9084999999999999E+037,
 TAU_COOL=  0.0000000000000000     ,
 TAU_COOL_SS=  0.0000000000000000     ,
 COOL2=  0.0000000000000000     ,
 TTREF_COOL=  0.0000000000000000     ,
 LHCOND_GLOBAL=F,
 COOL_FAC=  1.0000000000000000     ,
 CS0HS=  0.0000000000000000     ,
 H0HS=  0.0000000000000000     ,
 RHO0HS=  0.0000000000000000     ,
 TAU_COOL2=  0.0000000000000000     ,
 LCONVECTION_GRAVX=F,
 FBOT=  3.9084999999999999E+037,
 CS2TOP_INI=  3.9084999999999999E+037,
 DCS2TOP_INI=  3.9084999999999999E+037,
 HCOND0_KRAMERS=  0.0000000000000000     ,
 NKRAMERS=  0.0000000000000000     ,
 ALPHA_MLT=  1.5000000000000000     ,
 LPRESTELLAR_COOL_ISO=F,
 LREAD_HCOND=F,
 LIMPOSE_HEAT_CEILING=F,
 HEAT_CEILING= -1.0000000000000000     ,
 LCOOLING_SS_MZ=F,
 LSS_RUNNING_AVER_AS_AUX=F,
 LSS_RUNNING_AVER_AS_VAR=F,
 LFENTH_AS_AUX=F,
 LSS_FLUCZ_AS_AUX=F,
 LTT_FLUCZ_AS_AUX=F,
 /
&SHEAR_INIT_PARS
 QSHEAR=  1.5000000000000000     ,
 QSHEAR0=  0.0000000000000000     ,
 SSHEAR=  0.0000000000000000     ,
 SSHEAR1=  0.0000000000000000     ,
 DELTAY=  0.0000000000000000     ,
 OMEGA=  1.0000000000000000     ,
 U0_ADVEC= 3*0.0000000000000000       ,
 LSHEARADVECTION_AS_SHIFT=F,
 SHEAR_METHOD="fft    ",
 LRANDOMX0=F,
 X0_SHEAR=  0.0000000000000000     ,
 NORDER_POLY=3          ,
 LTVD_ADVECTION=F,
 LPOSDEF_ADVECTION=F,
 LPOSDEF= 6*F,
 LMAGNETIC_STRETCHING=T,
 SINI=  0.0000000000000000     ,
 /
